array (
  'double_opt_in_success' => 'Kindly check your inbox to confirm the subscription.',
  'shown_interest_text' => 'Kindly check your inbox to confirm the subscription.',
  'alert_success' => 'Thank you for expressing interest in %product_title%. We will notify you via email once it is back in stock.',
  'alert_email_exist' => '%customer_email% is already registered for %product_title%. Please attempt a different email address.',
  'valid_email' => 'Please enter a valid email ID and try again.',
  'alert_unsubscribe_message' => '%customer_email% is successfully unregistered.',
  'email_placeholder_text' => 'Enter your email',
  'alert_text' => 'Receive in-stock notifications for this.',
  'button_text' => 'Notify me',
  'unsubscribe_button_text' => 'Unsubscribe',
  'alert_text_color' => '',
  'button_background_color' => '',
  'button_border_color' => '',
  'button_text_color' => '',
  'button_background_color_onhover' => '',
  'button_text_color_onhover' => '',
  'button_border_color_onhover' => '',
  'button_font_size' => '',
  'button_border_size' => '',
  'button_border_radious' => '',
  'ban_email_domain_text' => 'This email domain is ban in our site, kindly use another email domain.',
  'ban_email_address_text' => 'This email address is ban in our site, kindly use another email address.',
)
-------------------------------------
array (
  'double_opt_in_success' => 'Kindly check your inbox to confirm the subscription.',
  'shown_interest_text' => 'Kindly check your inbox to confirm the subscription.',
  'alert_success' => 'Thank you for expressing interest in %product_title%. We will notify you via email once it is back in stock.',
  'alert_email_exist' => '%customer_email% is already registered for %product_title%. Please attempt a different email address.',
  'valid_email' => 'Please enter a valid email ID and try again.',
  'alert_unsubscribe_message' => '%customer_email% is successfully unregistered.',
  'email_placeholder_text' => 'Enter your email',
  'alert_text' => 'Receive in-stock notifications for this.',
  'button_text' => 'Notify me',
  'unsubscribe_button_text' => 'Unsubscribe',
  'alert_text_color' => '',
  'button_background_color' => '',
  'button_border_color' => '',
  'button_text_color' => '',
  'button_background_color_onhover' => '',
  'button_text_color_onhover' => '',
  'button_border_color_onhover' => '',
  'button_font_size' => '',
  'button_border_size' => '',
  'button_border_radious' => '',
  'ban_email_domain_text' => 'This email domain is ban in our site, kindly use another email domain.',
  'ban_email_address_text' => 'This email address is ban in our site, kindly use another email address.',
)
-------------------------------------
array (
  'double_opt_in_success' => 'Kindly check your inbox to confirm the subscription.',
  'shown_interest_text' => 'Kindly check your inbox to confirm the subscription.',
  'alert_success' => 'Thank you for expressing interest in %product_title%. We will notify you via email once it is back in stock.',
  'alert_email_exist' => '%customer_email% is already registered for %product_title%. Please attempt a different email address.',
  'valid_email' => 'Please enter a valid email ID and try again.',
  'alert_unsubscribe_message' => '%customer_email% is successfully unregistered.',
  'email_placeholder_text' => 'Enter your email',
  'alert_text' => 'Receive in-stock notifications for this.',
  'button_text' => 'Notify me',
  'unsubscribe_button_text' => 'Unsubscribe',
  'alert_text_color' => '',
  'button_background_color' => '',
  'button_border_color' => '',
  'button_text_color' => '',
  'button_background_color_onhover' => '',
  'button_text_color_onhover' => '',
  'button_border_color_onhover' => '',
  'button_font_size' => '',
  'button_border_size' => '',
  'button_border_radious' => '',
  'ban_email_domain_text' => 'This email domain is ban in our site, kindly use another email domain.',
  'ban_email_address_text' => 'This email address is ban in our site, kindly use another email address.',
)
-------------------------------------
